2013/11/27 13:30:53 INFO  - jmeter.util.JMeterUtils: Setting Locale to en_US 
2013/11/27 13:30:53 INFO  - jmeter.JMeter: Loading user properties from: /Users/agerho000/Desktop/github/Bees-With-Machine-Guns/apache-jmeter-2.9/bin/user.properties 
2013/11/27 13:30:53 INFO  - jmeter.JMeter: Loading system properties from: /Users/agerho000/Desktop/github/Bees-With-Machine-Guns/apache-jmeter-2.9/bin/system.properties 
2013/11/27 13:30:53 INFO  - jmeter.JMeter: Copyright (c) 1998-2013 The Apache Software Foundation 
2013/11/27 13:30:53 INFO  - jmeter.JMeter: Version 2.9 r1437961 
2013/11/27 13:30:53 INFO  - jmeter.JMeter: java.version=1.6.0_65 
2013/11/27 13:30:53 INFO  - jmeter.JMeter: java.vm.name=Java HotSpot(TM) 64-Bit Server VM 
2013/11/27 13:30:53 INFO  - jmeter.JMeter: os.name=Mac OS X 
2013/11/27 13:30:53 INFO  - jmeter.JMeter: os.arch=x86_64 
2013/11/27 13:30:53 INFO  - jmeter.JMeter: os.version=10.8.5 
2013/11/27 13:30:53 INFO  - jmeter.JMeter: file.encoding=MacRoman 
2013/11/27 13:30:53 INFO  - jmeter.JMeter: Default Locale=English (United States) 
2013/11/27 13:30:53 INFO  - jmeter.JMeter: JMeter  Locale=English (United States) 
2013/11/27 13:30:53 INFO  - jmeter.JMeter: JMeterHome=/Users/agerho000/Desktop/github/Bees-With-Machine-Guns/apache-jmeter-2.9 
2013/11/27 13:30:53 INFO  - jmeter.JMeter: user.dir  =/Users/agerho000/Desktop/github/Bees-With-Machine-Guns/apache-jmeter-2.9/bin 
2013/11/27 13:30:53 INFO  - jmeter.JMeter: PWD       =/Users/agerho000/Desktop/github/Bees-With-Machine-Guns/apache-jmeter-2.9/bin 
2013/11/27 13:30:53 INFO  - jmeter.JMeter: IP: 192.168.1.76 Name: CACSVM-12354.local FullName: 192.168.1.76 
2013/11/27 13:30:53 INFO  - jmeter.services.FileServer: Default base='/Users/agerho000/Desktop/github/Bees-With-Machine-Guns/apache-jmeter-2.9/bin' 
2013/11/27 13:30:53 INFO  - jmeter.services.FileServer: Set new base='/Users/agerho000/Desktop/github/Bees-With-Machine-Guns/apache-jmeter-2.9/bin/../../tests' 
2013/11/27 13:30:53 INFO  - jmeter.JMeter: Loading file: ../../tests/seeitload01.jmx 
2013/11/27 13:30:54 INFO  - jmeter.save.SaveService: Testplan (JMX) version: 2.2. Testlog (JTL) version: 2.2 
2013/11/27 13:30:54 INFO  - jmeter.save.SaveService: Using SaveService properties file encoding UTF-8 
2013/11/27 13:30:54 INFO  - jmeter.save.SaveService: Using SaveService properties file version 1427507 
2013/11/27 13:30:54 INFO  - jmeter.save.SaveService: Using SaveService properties version 2.4 
2013/11/27 13:30:54 INFO  - jmeter.save.SaveService: All converter versions present and correct 
2013/11/27 13:30:54 INFO  - jmeter.protocol.http.control.CookieManager: Settings: Delete null: true Check: true Allow variable: true Save: false Prefix: COOKIE_ 
2013/11/27 13:30:54 INFO  - jmeter.protocol.http.sampler.HTTPSamplerBase: Cannot find .className property for htmlParser, using default 
2013/11/27 13:30:54 INFO  - jmeter.protocol.http.sampler.HTTPSamplerBase: Parser for text/html is  
2013/11/27 13:30:54 INFO  - jmeter.protocol.http.sampler.HTTPSamplerBase: Parser for application/xhtml+xml is  
2013/11/27 13:30:54 INFO  - jmeter.protocol.http.sampler.HTTPSamplerBase: Parser for application/xml is  
2013/11/27 13:30:54 INFO  - jmeter.protocol.http.sampler.HTTPSamplerBase: Parser for text/xml is  
2013/11/27 13:30:54 INFO  - jmeter.protocol.http.sampler.HTTPSamplerBase: Parser for text/vnd.wap.wml is org.apache.jmeter.protocol.http.parser.RegexpHTMLParser 
2013/11/27 13:30:54 INFO  - jmeter.protocol.http.sampler.HTTPSamplerBase: Reuse SSL session context on subsequent iterations: true 
2013/11/27 13:30:54 INFO  - jmeter.engine.StandardJMeterEngine: Listeners will be started after enabling running version 
2013/11/27 13:30:54 INFO  - jmeter.engine.StandardJMeterEngine: To revert to the earlier behaviour, define jmeterengine.startlistenerslater=false 
2013/11/27 13:30:54 INFO  - jmeter.engine.StandardJMeterEngine: Running the test! 
2013/11/27 13:30:54 INFO  - jmeter.engine.util.CompoundVariable: Note: Function class names must contain the string: '.functions.' 
2013/11/27 13:30:54 INFO  - jmeter.engine.util.CompoundVariable: Note: Function class names must not contain the string: '.gui.' 
2013/11/27 13:30:54 INFO  - jmeter.samplers.SampleEvent: 1 sample_variables have been declared: UUID 
2013/11/27 13:30:54 INFO  - jmeter.JMeter: Running test (1385587854578) 
2013/11/27 13:30:54 INFO  - jmeter.engine.StandardJMeterEngine: Starting ThreadGroup: 1 : Thread Group 
2013/11/27 13:30:54 INFO  - jmeter.engine.StandardJMeterEngine: Starting 100 threads for group Thread Group. 
2013/11/27 13:30:54 INFO  - jmeter.engine.StandardJMeterEngine: Thread will continue on error 
2013/11/27 13:30:54 INFO  - jmeter.threads.ThreadGroup: Starting thread group number 1 threads 100 ramp-up 10 perThread 100.0 delayedStart=false 
2013/11/27 13:30:54 INFO  - jmeter.threads.JMeterThread: jmeterthread.startearlier=true (see jmeter.properties) 
2013/11/27 13:30:54 INFO  - jmeter.threads.JMeterThread: Running PostProcessors in forward order 
2013/11/27 13:30:54 INFO  - jmeter.threads.JMeterThread: Thread started: Thread Group 1-1 
2013/11/27 13:30:54 INFO  - jmeter.protocol.http.sampler.HTTPHCAbstractImpl: Local host = CACSVM-12354.local 
2013/11/27 13:30:54 INFO  - jmeter.protocol.http.sampler.HTTPHC4Impl: HTTP request retry count = 1 
2013/11/27 13:30:54 INFO  - jmeter.threads.JMeterThread: Thread started: Thread Group 1-2 
2013/11/27 13:30:54 INFO  - jmeter.threads.JMeterThread: Thread started: Thread Group 1-3 
2013/11/27 13:30:54 INFO  - jmeter.threads.JMeterThread: Thread started: Thread Group 1-4 
2013/11/27 13:30:55 INFO  - jmeter.threads.JMeterThread: Thread started: Thread Group 1-5 
2013/11/27 13:30:55 INFO  - jmeter.threads.ThreadGroup: Started thread group number 1 
2013/11/27 13:30:55 INFO  - jmeter.engine.StandardJMeterEngine: All thread groups have been started 
2013/11/27 13:30:55 INFO  - jmeter.threads.JMeterThread: Thread started: Thread Group 1-6 
2013/11/27 13:30:55 INFO  - jmeter.protocol.http.sampler.HTTPHC4Impl: Setting up HTTPS TrustAll scheme 
2013/11/27 13:30:55 INFO  - jmeter.util.JsseSSLManager: Using default SSL protocol: TLS 
2013/11/27 13:30:55 INFO  - jmeter.util.JsseSSLManager: SSL session context: per-thread 
2013/11/27 13:30:55 INFO  - jmeter.samplers.SampleResult: Note: Sample TimeStamps are START times 
2013/11/27 13:30:55 INFO  - jmeter.samplers.SampleResult: sampleresult.default.encoding is set to ISO-8859-1 
2013/11/27 13:30:55 INFO  - jmeter.samplers.SampleResult: sampleresult.useNanoTime=true 
2013/11/27 13:30:55 INFO  - jmeter.samplers.SampleResult: sampleresult.nanoThreadSleep=5000 
2013/11/27 13:30:55 INFO  - jmeter.threads.JMeterThread: Thread started: Thread Group 1-7 
2013/11/27 13:30:55 INFO  - jmeter.threads.JMeterThread: Thread started: Thread Group 1-8 
2013/11/27 13:30:55 INFO  - jmeter.threads.JMeterThread: Thread started: Thread Group 1-9 
2013/11/27 13:30:55 INFO  - jmeter.protocol.http.parser.HtmlParserHTMLParser: Using htmlparser version: 2.0 (Release Build Sep 17, 2006) 
2013/11/27 13:30:55 INFO  - jmeter.protocol.http.parser.HTMLParser: Created org.apache.jmeter.protocol.http.parser.HtmlParserHTMLParser 
2013/11/27 13:30:55 INFO  - jmeter.protocol.http.parser.HtmlParserHTMLParser: Using htmlparser version: 2.0 (Release Build Sep 17, 2006) 
2013/11/27 13:30:55 INFO  - jmeter.protocol.http.parser.HTMLParser: Created org.apache.jmeter.protocol.http.parser.HtmlParserHTMLParser 
2013/11/27 13:30:55 INFO  - jmeter.protocol.http.parser.HtmlParserHTMLParser: Using htmlparser version: 2.0 (Release Build Sep 17, 2006) 
2013/11/27 13:30:55 INFO  - jmeter.protocol.http.parser.HTMLParser: Created org.apache.jmeter.protocol.http.parser.HtmlParserHTMLParser 
2013/11/27 13:30:55 INFO  - jmeter.threads.JMeterThread: Thread started: Thread Group 1-10 
2013/11/27 13:30:55 INFO  - jmeter.threads.JMeterThread: Thread started: Thread Group 1-11 
2013/11/27 13:30:55 INFO  - jmeter.threads.JMeterThread: Thread started: Thread Group 1-12 
2013/11/27 13:30:55 INFO  - jmeter.threads.JMeterThread: Thread started: Thread Group 1-13 
2013/11/27 13:30:55 INFO  - jmeter.threads.JMeterThread: Thread started: Thread Group 1-14 
2013/11/27 13:30:56 INFO  - jmeter.threads.JMeterThread: Thread started: Thread Group 1-15 
2013/11/27 13:30:56 INFO  - jmeter.threads.JMeterThread: Thread started: Thread Group 1-16 
2013/11/27 13:30:56 INFO  - jmeter.threads.JMeterThread: Thread started: Thread Group 1-17 
2013/11/27 13:30:56 INFO  - jmeter.threads.JMeterThread: Thread started: Thread Group 1-18 
2013/11/27 13:30:56 INFO  - jmeter.threads.JMeterThread: Thread started: Thread Group 1-19 
2013/11/27 13:30:56 INFO  - jmeter.threads.JMeterThread: Thread started: Thread Group 1-20 
2013/11/27 13:30:56 INFO  - jmeter.threads.JMeterThread: Thread started: Thread Group 1-21 
2013/11/27 13:30:56 INFO  - jmeter.threads.JMeterThread: Thread started: Thread Group 1-22 
2013/11/27 13:30:57 INFO  - jmeter.threads.JMeterThread: Thread started: Thread Group 1-23 
2013/11/27 13:30:57 INFO  - jmeter.threads.JMeterThread: Thread started: Thread Group 1-24 
2013/11/27 13:30:57 INFO  - jmeter.threads.JMeterThread: Thread started: Thread Group 1-25 
2013/11/27 13:30:57 INFO  - jmeter.threads.JMeterThread: Thread started: Thread Group 1-26 
2013/11/27 13:30:57 INFO  - jmeter.threads.JMeterThread: Thread started: Thread Group 1-27 
2013/11/27 13:30:57 INFO  - jmeter.threads.JMeterThread: Thread started: Thread Group 1-28 
2013/11/27 13:30:57 INFO  - jmeter.threads.JMeterThread: Thread started: Thread Group 1-29 
2013/11/27 13:30:57 INFO  - jmeter.threads.JMeterThread: Thread started: Thread Group 1-30 
2013/11/27 13:30:57 INFO  - jmeter.threads.JMeterThread: Thread started: Thread Group 1-31 
2013/11/27 13:30:57 INFO  - jmeter.threads.JMeterThread: Thread started: Thread Group 1-32 
2013/11/27 13:30:58 INFO  - jmeter.threads.JMeterThread: Thread started: Thread Group 1-33 
2013/11/27 13:30:58 INFO  - jmeter.threads.JMeterThread: Thread started: Thread Group 1-34 
2013/11/27 13:30:58 INFO  - jmeter.threads.JMeterThread: Thread started: Thread Group 1-35 
2013/11/27 13:30:58 INFO  - jmeter.threads.JMeterThread: Thread started: Thread Group 1-36 
2013/11/27 13:30:58 INFO  - jmeter.threads.JMeterThread: Thread started: Thread Group 1-37 
2013/11/27 13:30:58 INFO  - jmeter.threads.JMeterThread: Thread started: Thread Group 1-38 
2013/11/27 13:30:58 INFO  - jmeter.threads.JMeterThread: Thread started: Thread Group 1-39 
2013/11/27 13:30:58 INFO  - jmeter.threads.JMeterThread: Thread started: Thread Group 1-40 
2013/11/27 13:30:58 INFO  - jmeter.threads.JMeterThread: Thread started: Thread Group 1-41 
2013/11/27 13:30:59 INFO  - jmeter.threads.JMeterThread: Thread started: Thread Group 1-42 
2013/11/27 13:30:59 INFO  - jmeter.threads.JMeterThread: Thread started: Thread Group 1-43 
2013/11/27 13:30:59 INFO  - jmeter.threads.JMeterThread: Thread started: Thread Group 1-44 
2013/11/27 13:30:59 INFO  - jmeter.threads.JMeterThread: Thread started: Thread Group 1-45 
2013/11/27 13:30:59 INFO  - jmeter.threads.JMeterThread: Thread started: Thread Group 1-46 
2013/11/27 13:30:59 INFO  - jmeter.threads.JMeterThread: Thread started: Thread Group 1-47 
2013/11/27 13:30:59 INFO  - jmeter.threads.JMeterThread: Thread started: Thread Group 1-48 
2013/11/27 13:30:59 INFO  - jmeter.threads.JMeterThread: Thread started: Thread Group 1-49 
2013/11/27 13:30:59 INFO  - jmeter.threads.JMeterThread: Thread started: Thread Group 1-50 
2013/11/27 13:30:59 INFO  - jmeter.threads.JMeterThread: Thread started: Thread Group 1-51 
2013/11/27 13:31:00 INFO  - jmeter.threads.JMeterThread: Thread started: Thread Group 1-52 
2013/11/27 13:31:00 INFO  - jmeter.threads.JMeterThread: Thread started: Thread Group 1-53 
2013/11/27 13:31:00 INFO  - jmeter.threads.JMeterThread: Thread started: Thread Group 1-54 
2013/11/27 13:31:00 INFO  - jmeter.threads.JMeterThread: Thread started: Thread Group 1-55 
2013/11/27 13:31:00 INFO  - jmeter.threads.JMeterThread: Thread started: Thread Group 1-56 
2013/11/27 13:31:00 INFO  - jmeter.threads.JMeterThread: Thread started: Thread Group 1-57 
2013/11/27 13:31:00 INFO  - jmeter.threads.JMeterThread: Thread started: Thread Group 1-58 
2013/11/27 13:31:00 INFO  - jmeter.threads.JMeterThread: Thread started: Thread Group 1-59 
2013/11/27 13:31:00 INFO  - jmeter.threads.JMeterThread: Thread started: Thread Group 1-60 
2013/11/27 13:31:01 INFO  - jmeter.threads.JMeterThread: Thread started: Thread Group 1-61 
2013/11/27 13:31:01 INFO  - jmeter.threads.JMeterThread: Thread started: Thread Group 1-62 
2013/11/27 13:31:01 INFO  - jmeter.threads.JMeterThread: Thread started: Thread Group 1-63 
2013/11/27 13:31:01 INFO  - jmeter.threads.JMeterThread: Thread started: Thread Group 1-64 
2013/11/27 13:31:01 INFO  - jmeter.threads.JMeterThread: Thread started: Thread Group 1-65 
2013/11/27 13:31:01 INFO  - jmeter.threads.JMeterThread: Thread started: Thread Group 1-66 
2013/11/27 13:31:01 INFO  - jmeter.threads.JMeterThread: Thread started: Thread Group 1-67 
2013/11/27 13:31:01 INFO  - jmeter.threads.JMeterThread: Thread started: Thread Group 1-68 
2013/11/27 13:31:01 INFO  - jmeter.threads.JMeterThread: Thread started: Thread Group 1-69 
2013/11/27 13:31:01 INFO  - jmeter.threads.JMeterThread: Thread started: Thread Group 1-70 
2013/11/27 13:31:02 INFO  - jmeter.threads.JMeterThread: Thread started: Thread Group 1-71 
2013/11/27 13:31:02 INFO  - jmeter.threads.JMeterThread: Thread started: Thread Group 1-72 
2013/11/27 13:31:02 INFO  - jmeter.threads.JMeterThread: Thread started: Thread Group 1-73 
2013/11/27 13:31:02 INFO  - jmeter.threads.JMeterThread: Thread started: Thread Group 1-74 
2013/11/27 13:31:02 INFO  - jmeter.threads.JMeterThread: Thread started: Thread Group 1-75 
2013/11/27 13:31:02 INFO  - jmeter.threads.JMeterThread: Thread started: Thread Group 1-76 
2013/11/27 13:31:02 INFO  - jmeter.threads.JMeterThread: Thread started: Thread Group 1-77 
2013/11/27 13:31:02 INFO  - jmeter.threads.JMeterThread: Thread started: Thread Group 1-78 
2013/11/27 13:31:02 INFO  - jmeter.threads.JMeterThread: Thread started: Thread Group 1-79 
2013/11/27 13:31:02 INFO  - jmeter.threads.JMeterThread: Thread started: Thread Group 1-80 
2013/11/27 13:31:03 INFO  - jmeter.threads.JMeterThread: Thread started: Thread Group 1-81 
2013/11/27 13:31:03 INFO  - jmeter.threads.JMeterThread: Thread started: Thread Group 1-82 
2013/11/27 13:31:03 INFO  - jmeter.threads.JMeterThread: Thread started: Thread Group 1-83 
2013/11/27 13:31:03 INFO  - jmeter.threads.JMeterThread: Thread started: Thread Group 1-84 
2013/11/27 13:31:03 INFO  - jmeter.threads.JMeterThread: Thread started: Thread Group 1-85 
2013/11/27 13:31:03 INFO  - jmeter.threads.JMeterThread: Thread started: Thread Group 1-86 
2013/11/27 13:31:03 INFO  - jmeter.threads.JMeterThread: Thread started: Thread Group 1-87 
2013/11/27 13:31:03 INFO  - jmeter.threads.JMeterThread: Thread started: Thread Group 1-88 
2013/11/27 13:31:03 INFO  - jmeter.threads.JMeterThread: Thread started: Thread Group 1-89 
2013/11/27 13:31:04 INFO  - jmeter.threads.JMeterThread: Thread started: Thread Group 1-90 
2013/11/27 13:31:04 INFO  - jmeter.threads.JMeterThread: Thread started: Thread Group 1-91 
2013/11/27 13:31:04 INFO  - jmeter.threads.JMeterThread: Thread started: Thread Group 1-92 
2013/11/27 13:31:04 INFO  - jmeter.threads.JMeterThread: Thread started: Thread Group 1-93 
2013/11/27 13:31:04 INFO  - jmeter.threads.JMeterThread: Thread started: Thread Group 1-94 
2013/11/27 13:31:04 INFO  - jmeter.threads.JMeterThread: Thread started: Thread Group 1-95 
2013/11/27 13:31:04 INFO  - jmeter.threads.JMeterThread: Thread started: Thread Group 1-96 
2013/11/27 13:31:04 INFO  - jmeter.threads.JMeterThread: Thread started: Thread Group 1-97 
2013/11/27 13:31:04 INFO  - jmeter.threads.JMeterThread: Thread started: Thread Group 1-98 
2013/11/27 13:31:04 INFO  - jmeter.threads.JMeterThread: Thread started: Thread Group 1-99 
2013/11/27 13:31:05 INFO  - jmeter.threads.JMeterThread: Thread started: Thread Group 1-100 
2013/11/27 13:34:57 INFO  - jmeter.threads.JMeterThread: Thread finished: Thread Group 1-14 
2013/11/27 13:34:59 INFO  - jmeter.threads.JMeterThread: Thread finished: Thread Group 1-69 
2013/11/27 13:35:08 INFO  - jmeter.threads.JMeterThread: Thread finished: Thread Group 1-15 
2013/11/27 13:35:09 INFO  - jmeter.threads.JMeterThread: Thread finished: Thread Group 1-35 
2013/11/27 13:35:13 INFO  - jmeter.threads.JMeterThread: Thread finished: Thread Group 1-47 
2013/11/27 13:35:13 INFO  - jmeter.threads.JMeterThread: Thread finished: Thread Group 1-25 
2013/11/27 13:35:14 INFO  - jmeter.threads.JMeterThread: Thread finished: Thread Group 1-18 
2013/11/27 13:35:16 INFO  - jmeter.threads.JMeterThread: Thread finished: Thread Group 1-74 
2013/11/27 13:35:19 INFO  - jmeter.threads.JMeterThread: Thread finished: Thread Group 1-48 
2013/11/27 13:35:20 INFO  - jmeter.threads.JMeterThread: Thread finished: Thread Group 1-38 
2013/11/27 13:35:27 INFO  - jmeter.threads.JMeterThread: Thread finished: Thread Group 1-32 
2013/11/27 13:35:27 INFO  - jmeter.threads.JMeterThread: Thread finished: Thread Group 1-51 
2013/11/27 13:35:28 INFO  - jmeter.threads.JMeterThread: Thread finished: Thread Group 1-86 
2013/11/27 13:35:30 INFO  - jmeter.threads.JMeterThread: Thread finished: Thread Group 1-44 
2013/11/27 13:35:31 INFO  - jmeter.threads.JMeterThread: Thread finished: Thread Group 1-70 
2013/11/27 13:35:32 INFO  - jmeter.threads.JMeterThread: Thread finished: Thread Group 1-99 
2013/11/27 13:35:32 INFO  - jmeter.threads.JMeterThread: Thread finished: Thread Group 1-8 
2013/11/27 13:35:32 INFO  - jmeter.threads.JMeterThread: Thread finished: Thread Group 1-80 
2013/11/27 13:35:33 INFO  - jmeter.threads.JMeterThread: Thread finished: Thread Group 1-56 
2013/11/27 13:35:34 INFO  - jmeter.threads.JMeterThread: Thread finished: Thread Group 1-33 
2013/11/27 13:35:36 INFO  - jmeter.threads.JMeterThread: Thread finished: Thread Group 1-10 
2013/11/27 13:35:37 INFO  - jmeter.threads.JMeterThread: Thread finished: Thread Group 1-59 
2013/11/27 13:35:37 INFO  - jmeter.threads.JMeterThread: Thread finished: Thread Group 1-57 
2013/11/27 13:35:40 INFO  - jmeter.threads.JMeterThread: Thread finished: Thread Group 1-81 
2013/11/27 13:35:40 INFO  - jmeter.threads.JMeterThread: Thread finished: Thread Group 1-89 
2013/11/27 13:35:40 INFO  - jmeter.threads.JMeterThread: Thread finished: Thread Group 1-16 
2013/11/27 13:35:41 INFO  - jmeter.threads.JMeterThread: Thread finished: Thread Group 1-13 
2013/11/27 13:35:41 INFO  - jmeter.threads.JMeterThread: Thread finished: Thread Group 1-20 
2013/11/27 13:35:41 INFO  - jmeter.threads.JMeterThread: Thread finished: Thread Group 1-61 
2013/11/27 13:35:41 INFO  - jmeter.threads.JMeterThread: Thread finished: Thread Group 1-64 
2013/11/27 13:35:41 INFO  - jmeter.threads.JMeterThread: Thread finished: Thread Group 1-31 
2013/11/27 13:35:42 INFO  - jmeter.threads.JMeterThread: Thread finished: Thread Group 1-9 
2013/11/27 13:35:42 INFO  - jmeter.threads.JMeterThread: Thread finished: Thread Group 1-45 
2013/11/27 13:35:43 INFO  - jmeter.threads.JMeterThread: Thread finished: Thread Group 1-26 
2013/11/27 13:35:43 INFO  - jmeter.threads.JMeterThread: Thread finished: Thread Group 1-78 
2013/11/27 13:35:45 INFO  - jmeter.threads.JMeterThread: Thread finished: Thread Group 1-41 
2013/11/27 13:35:45 INFO  - jmeter.threads.JMeterThread: Thread finished: Thread Group 1-2 
2013/11/27 13:35:46 INFO  - jmeter.threads.JMeterThread: Thread finished: Thread Group 1-77 
2013/11/27 13:35:46 INFO  - jmeter.threads.JMeterThread: Thread finished: Thread Group 1-62 
2013/11/27 13:35:46 INFO  - jmeter.threads.JMeterThread: Thread finished: Thread Group 1-39 
2013/11/27 13:35:46 INFO  - jmeter.threads.JMeterThread: Thread finished: Thread Group 1-88 
2013/11/27 13:35:46 INFO  - jmeter.threads.JMeterThread: Thread finished: Thread Group 1-28 
2013/11/27 13:35:46 INFO  - jmeter.threads.JMeterThread: Thread finished: Thread Group 1-11 
2013/11/27 13:35:46 INFO  - jmeter.threads.JMeterThread: Thread finished: Thread Group 1-75 
2013/11/27 13:35:47 INFO  - jmeter.threads.JMeterThread: Thread finished: Thread Group 1-30 
2013/11/27 13:35:47 INFO  - jmeter.threads.JMeterThread: Thread finished: Thread Group 1-23 
2013/11/27 13:35:48 INFO  - jmeter.threads.JMeterThread: Thread finished: Thread Group 1-3 
2013/11/27 13:35:48 INFO  - jmeter.threads.JMeterThread: Thread finished: Thread Group 1-73 
2013/11/27 13:35:48 INFO  - jmeter.threads.JMeterThread: Thread finished: Thread Group 1-91 
2013/11/27 13:35:49 INFO  - jmeter.threads.JMeterThread: Thread finished: Thread Group 1-53 
2013/11/27 13:35:49 INFO  - jmeter.threads.JMeterThread: Thread finished: Thread Group 1-96 
2013/11/27 13:35:49 INFO  - jmeter.threads.JMeterThread: Thread finished: Thread Group 1-76 
2013/11/27 13:35:49 INFO  - jmeter.threads.JMeterThread: Thread finished: Thread Group 1-46 
2013/11/27 13:35:50 INFO  - jmeter.threads.JMeterThread: Thread finished: Thread Group 1-72 
2013/11/27 13:35:50 INFO  - jmeter.threads.JMeterThread: Thread finished: Thread Group 1-84 
2013/11/27 13:35:51 INFO  - jmeter.threads.JMeterThread: Thread finished: Thread Group 1-5 
2013/11/27 13:35:51 INFO  - jmeter.threads.JMeterThread: Thread finished: Thread Group 1-90 
2013/11/27 13:35:51 INFO  - jmeter.threads.JMeterThread: Thread finished: Thread Group 1-68 
2013/11/27 13:35:51 INFO  - jmeter.threads.JMeterThread: Thread finished: Thread Group 1-52 
2013/11/27 13:35:52 INFO  - jmeter.threads.JMeterThread: Thread finished: Thread Group 1-22 
2013/11/27 13:35:52 INFO  - jmeter.threads.JMeterThread: Thread finished: Thread Group 1-94 
2013/11/27 13:35:52 INFO  - jmeter.threads.JMeterThread: Thread finished: Thread Group 1-12 
2013/11/27 13:35:52 INFO  - jmeter.threads.JMeterThread: Thread finished: Thread Group 1-34 
2013/11/27 13:35:53 INFO  - jmeter.threads.JMeterThread: Thread finished: Thread Group 1-21 
2013/11/27 13:35:53 INFO  - jmeter.threads.JMeterThread: Thread finished: Thread Group 1-24 
2013/11/27 13:35:53 INFO  - jmeter.threads.JMeterThread: Thread finished: Thread Group 1-97 
2013/11/27 13:35:53 INFO  - jmeter.threads.JMeterThread: Thread finished: Thread Group 1-42 
2013/11/27 13:35:53 INFO  - jmeter.threads.JMeterThread: Thread finished: Thread Group 1-6 
2013/11/27 13:35:54 INFO  - jmeter.threads.JMeterThread: Thread finished: Thread Group 1-49 
2013/11/27 13:35:54 INFO  - jmeter.threads.JMeterThread: Thread finished: Thread Group 1-98 
2013/11/27 13:35:54 INFO  - jmeter.threads.JMeterThread: Thread finished: Thread Group 1-1 
2013/11/27 13:35:54 INFO  - jmeter.threads.JMeterThread: Thread finished: Thread Group 1-58 
2013/11/27 13:35:54 INFO  - jmeter.threads.JMeterThread: Thread finished: Thread Group 1-55 
2013/11/27 13:35:54 INFO  - jmeter.threads.JMeterThread: Thread finished: Thread Group 1-19 
2013/11/27 13:35:55 INFO  - jmeter.threads.JMeterThread: Thread finished: Thread Group 1-54 
2013/11/27 13:35:55 INFO  - jmeter.threads.JMeterThread: Thread finished: Thread Group 1-79 
2013/11/27 13:35:56 INFO  - jmeter.threads.JMeterThread: Thread finished: Thread Group 1-29 
2013/11/27 13:35:56 INFO  - jmeter.threads.JMeterThread: Thread finished: Thread Group 1-92 
2013/11/27 13:35:57 INFO  - jmeter.threads.JMeterThread: Thread finished: Thread Group 1-4 
2013/11/27 13:35:57 INFO  - jmeter.threads.JMeterThread: Thread finished: Thread Group 1-66 
2013/11/27 13:35:57 INFO  - jmeter.threads.JMeterThread: Thread finished: Thread Group 1-83 
2013/11/27 13:35:58 INFO  - jmeter.threads.JMeterThread: Thread finished: Thread Group 1-43 
2013/11/27 13:35:58 INFO  - jmeter.threads.JMeterThread: Thread finished: Thread Group 1-60 
2013/11/27 13:35:58 INFO  - jmeter.threads.JMeterThread: Thread finished: Thread Group 1-63 
2013/11/27 13:35:58 INFO  - jmeter.threads.JMeterThread: Thread finished: Thread Group 1-36 
2013/11/27 13:35:59 INFO  - jmeter.threads.JMeterThread: Thread finished: Thread Group 1-17 
2013/11/27 13:35:59 INFO  - jmeter.threads.JMeterThread: Thread finished: Thread Group 1-65 
2013/11/27 13:35:59 INFO  - jmeter.threads.JMeterThread: Thread finished: Thread Group 1-82 
2013/11/27 13:35:59 INFO  - jmeter.threads.JMeterThread: Thread finished: Thread Group 1-95 
2013/11/27 13:35:59 INFO  - jmeter.threads.JMeterThread: Thread finished: Thread Group 1-7 
2013/11/27 13:35:59 INFO  - jmeter.threads.JMeterThread: Thread finished: Thread Group 1-37 
2013/11/27 13:35:59 INFO  - jmeter.threads.JMeterThread: Thread finished: Thread Group 1-100 
2013/11/27 13:35:59 INFO  - jmeter.threads.JMeterThread: Thread finished: Thread Group 1-40 
2013/11/27 13:36:00 INFO  - jmeter.threads.JMeterThread: Thread finished: Thread Group 1-67 
2013/11/27 13:36:00 INFO  - jmeter.threads.JMeterThread: Thread finished: Thread Group 1-50 
2013/11/27 13:36:00 INFO  - jmeter.threads.JMeterThread: Thread finished: Thread Group 1-85 
2013/11/27 13:36:01 INFO  - jmeter.threads.JMeterThread: Thread finished: Thread Group 1-87 
2013/11/27 13:36:01 INFO  - jmeter.threads.JMeterThread: Thread finished: Thread Group 1-27 
2013/11/27 13:36:01 INFO  - jmeter.threads.JMeterThread: Thread finished: Thread Group 1-93 
2013/11/27 13:36:02 INFO  - jmeter.threads.JMeterThread: Thread finished: Thread Group 1-71 
2013/11/27 13:36:02 INFO  - jmeter.engine.StandardJMeterEngine: Notifying test listeners of end of test 
