2013/11/12 11:43:03 INFO  - jmeter.util.JMeterUtils: Setting Locale to en_US 
2013/11/12 11:43:03 INFO  - jmeter.JMeter: Loading user properties from: /Applications/apache-jmeter-2.9/bin/user.properties 
2013/11/12 11:43:03 INFO  - jmeter.JMeter: Loading system properties from: /Applications/apache-jmeter-2.9/bin/system.properties 
2013/11/12 11:43:03 INFO  - jmeter.JMeter: Copyright (c) 1998-2013 The Apache Software Foundation 
2013/11/12 11:43:03 INFO  - jmeter.JMeter: Version 2.10 r1533061 
2013/11/12 11:43:03 INFO  - jmeter.JMeter: java.version=1.6.0_51 
2013/11/12 11:43:03 INFO  - jmeter.JMeter: java.vm.name=Java HotSpot(TM) 64-Bit Server VM 
2013/11/12 11:43:03 INFO  - jmeter.JMeter: os.name=Mac OS X 
2013/11/12 11:43:03 INFO  - jmeter.JMeter: os.arch=x86_64 
2013/11/12 11:43:03 INFO  - jmeter.JMeter: os.version=10.8.5 
2013/11/12 11:43:03 INFO  - jmeter.JMeter: file.encoding=MacRoman 
2013/11/12 11:43:03 INFO  - jmeter.JMeter: Default Locale=English (United States) 
2013/11/12 11:43:03 INFO  - jmeter.JMeter: JMeter  Locale=English (United States) 
2013/11/12 11:43:03 INFO  - jmeter.JMeter: JMeterHome=/Applications/apache-jmeter-2.9 
2013/11/12 11:43:03 INFO  - jmeter.JMeter: user.dir  =/Users/agerho000/Desktop/github/SeeIT-Load-Tests-Jmeter 
2013/11/12 11:43:03 INFO  - jmeter.JMeter: PWD       =/Users/agerho000/Desktop/github/SeeIT-Load-Tests-Jmeter 
2013/11/12 11:43:03 INFO  - jmeter.JMeter: IP: 192.168.1.3 Name: cacsvm-12354 FullName: cacsvm-12354 
2013/11/12 11:43:03 INFO  - jmeter.JMeter: Loaded icon properties from org/apache/jmeter/images/icon.properties 
2013/11/12 11:43:05 INFO  - jmeter.engine.util.CompoundVariable: Note: Function class names must contain the string: '.functions.' 
2013/11/12 11:43:05 INFO  - jmeter.engine.util.CompoundVariable: Note: Function class names must not contain the string: '.gui.' 
2013/11/12 11:43:05 INFO  - jmeter.gui.action.LookAndFeelCommand: Using look and feel: com.apple.laf.AquaLookAndFeel [Mac OS X, System] 
2013/11/12 11:43:10 INFO  - jmeter.gui.util.MenuFactory: Skipping kg.apc.jmeter.config.VariablesFromCSVFile 
2013/11/12 11:43:11 INFO  - jmeter.util.BSFTestElement: Registering JMeter version of JavaScript engine as work-round for BSF-22 
2013/11/12 11:43:11 INFO  - jmeter.protocol.http.sampler.HTTPSamplerBase: Cannot find .className property for htmlParser, using default 
2013/11/12 11:43:11 INFO  - jmeter.protocol.http.sampler.HTTPSamplerBase: Parser for text/html is  
2013/11/12 11:43:11 INFO  - jmeter.protocol.http.sampler.HTTPSamplerBase: Parser for application/xhtml+xml is  
2013/11/12 11:43:11 INFO  - jmeter.protocol.http.sampler.HTTPSamplerBase: Parser for application/xml is  
2013/11/12 11:43:11 INFO  - jmeter.protocol.http.sampler.HTTPSamplerBase: Parser for text/xml is  
2013/11/12 11:43:11 INFO  - jmeter.protocol.http.sampler.HTTPSamplerBase: Parser for text/vnd.wap.wml is org.apache.jmeter.protocol.http.parser.RegexpHTMLParser 
2013/11/12 11:43:11 INFO  - jmeter.gui.util.MenuFactory: Skipping org.apache.jmeter.protocol.http.control.gui.WebServiceSamplerGui 
2013/11/12 11:43:11 INFO  - jmeter.gui.util.MenuFactory: Skipping org.apache.jmeter.protocol.http.modifier.gui.ParamModifierGui 
2013/11/12 11:43:11 WARN  - jmeter.protocol.http.proxy.ProxyControl: HTTP(S) Test Script Recorder SSL Proxy will use keys that may not work for embedded resources in file /Applications/apache-jmeter-2.9/bin/proxyserver.jks 
2013/11/12 11:43:12 INFO  - jmeter.samplers.SampleResult: Note: Sample TimeStamps are START times 
2013/11/12 11:43:12 INFO  - jmeter.samplers.SampleResult: sampleresult.default.encoding is set to ISO-8859-1 
2013/11/12 11:43:12 INFO  - jmeter.samplers.SampleResult: sampleresult.useNanoTime=true 
2013/11/12 11:43:12 INFO  - jmeter.samplers.SampleResult: sampleresult.nanoThreadSleep=5000 
